<?xml version="1.0" encoding="UTF-8"?>
<!-- Generated by org.testng.reporters.JUnitXMLReporter -->
<testsuite hostname="Rawna" ignored="0" name="Test-CH" tests="1" failures="1" timestamp="13 Jun 2020 14:39:06 GMT" time="12.877" errors="0">
  <testcase name="test" time="5.25" classname="testcases.HondaUpcoming">
    <failure type="org.openqa.selenium.NoSuchSessionException" message="Tried to run command without establishing a connection
Build info: version: &amp;apos;3.141.59&amp;apos;, revision: &amp;apos;e82be7d358&amp;apos;, time: &amp;apos;2018-11-14T08:17:03&amp;apos;
System info: host: &amp;apos;RAWNA&amp;apos;, ip: &amp;apos;192.168.1.4&amp;apos;, os.name: &amp;apos;Windows 10&amp;apos;, os.arch: &amp;apos;amd64&amp;apos;, os.version: &amp;apos;10.0&amp;apos;, java.version: &amp;apos;1.8.0_241&amp;apos;
Driver info: org.openqa.selenium.remote.RemoteWebDriver
Capabilities {acceptInsecureCerts: true, browserName: firefox, browserVersion: 77.0.1, javascriptEnabled: true, moz:accessibilityChecks: false, moz:buildID: 20200602222727, moz:geckodriverVersion: 0.26.0, moz:headless: false, moz:processID: 21312, moz:profile: C:\Users\rawna\AppData\Loca..., moz:shutdownTimeout: 60000, moz:useNonSpecCompliantPointerOrigin: false, moz:webdriverClick: true, pageLoadStrategy: normal, platform: WINDOWS, platformName: WINDOWS, platformVersion: 10.0, rotatable: false, setWindowRect: true, strictFileInteractability: false, timeouts: {implicit: 0, pageLoad: 300000, script: 30000}, unhandledPromptBehavior: dismiss and notify, webdriver.remote.sessionid: d6898c67-566c-4d03-b911-cda...}
Session ID: d6898c67-566c-4d03-b911-cdac77ab52b6">
      <![CDATA[org.openqa.selenium.NoSuchSessionException: Tried to run command without establishing a connection
Build info: version: '3.141.59', revision: 'e82be7d358', time: '2018-11-14T08:17:03'
System info: host: 'RAWNA', ip: '192.168.1.4', os.name: 'Windows 10', os.arch: 'amd64', os.version: '10.0', java.version: '1.8.0_241'
Driver info: org.openqa.selenium.remote.RemoteWebDriver
Capabilities {acceptInsecureCerts: true, browserName: firefox, browserVersion: 77.0.1, javascriptEnabled: true, moz:accessibilityChecks: false, moz:buildID: 20200602222727, moz:geckodriverVersion: 0.26.0, moz:headless: false, moz:processID: 21312, moz:profile: C:\Users\rawna\AppData\Loca..., moz:shutdownTimeout: 60000, moz:useNonSpecCompliantPointerOrigin: false, moz:webdriverClick: true, pageLoadStrategy: normal, platform: WINDOWS, platformName: WINDOWS, platformVersion: 10.0, rotatable: false, setWindowRect: true, strictFileInteractability: false, timeouts: {implicit: 0, pageLoad: 300000, script: 30000}, unhandledPromptBehavior: dismiss and notify, webdriver.remote.sessionid: d6898c67-566c-4d03-b911-cda...}
Session ID: d6898c67-566c-4d03-b911-cdac77ab52b6
at org.openqa.selenium.remote.http.W3CHttpResponseCodec.createException(W3CHttpResponseCodec.java:187)
at org.openqa.selenium.remote.http.W3CHttpResponseCodec.decode(W3CHttpResponseCodec.java:122)
at org.openqa.selenium.remote.http.W3CHttpResponseCodec.decode(W3CHttpResponseCodec.java:49)
at org.openqa.selenium.remote.HttpCommandExecutor.execute(HttpCommandExecutor.java:158)
at org.openqa.selenium.remote.RemoteWebDriver.execute(RemoteWebDriver.java:552)
at org.openqa.selenium.remote.RemoteWebElement.execute(RemoteWebElement.java:285)
at org.openqa.selenium.remote.RemoteWebElement.getText(RemoteWebElement.java:166)
at pages.BaseClass.getTextFromElements(BaseClass.java:42)
at pages.upcomingHondabikePage.getUpcomingBikes(upcomingHondabikePage.java:30)
at testcases.HondaUpcoming.test(HondaUpcoming.java:65)
at java.util.concurrent.FutureTask.run(Unknown Source)
at java.util.concurrent.ThreadPoolExecutor.runWorker(Unknown Source)
at java.util.concurrent.ThreadPoolExecutor$Worker.run(Unknown Source)
at java.lang.Thread.run(Unknown Source)
... Removed 20 stack frames]]>
    </failure>
  </testcase> <!-- test -->
</testsuite> <!-- Test-CH -->
