<?xml version="1.0" encoding="UTF-8"?>
<!-- Generated by org.testng.reporters.JUnitXMLReporter -->
<testsuite hostname="Rawna" ignored="0" name="Test-Chrome" tests="4" failures="0" timestamp="18 Jun 2020 22:48:32 GMT" time="9.542" errors="0">
  <testcase name="startBrowser" time="0.262" classname="TS_01.HondaUpcoming"/>
  <testcase name="clickBrandFromDrpdwn" time="2.284" classname="TS_01.HondaUpcoming"/>
  <testcase name="navigateToUpcomingBikesPage" time="0.047" classname="TS_01.HondaUpcoming"/>
  <testcase name="outputDisplay" time="0.323" classname="TS_01.HondaUpcoming"/>
</testsuite> <!-- Test-Chrome -->
