<?xml version="1.0" encoding="UTF-8"?>
<!-- Generated by org.testng.reporters.JUnitReportReporter -->
<testsuite skipped="0" hostname="Rawna" name="TS_01.UpcomingBikesSearchBarEditted" tests="3" failures="0" timestamp="20 Jun 2020 20:38:22 GMT" time="1.097" errors="0">
  <testcase name="startBrowser" time="0.019" classname="TS_01.UpcomingBikesSearchBarEditted"/>
  <testcase name="loadUpcomingBikesPage" time="0.723" classname="TS_01.UpcomingBikesSearchBarEditted"/>
  <testcase name="outputDisplay" time="0.355" classname="TS_01.UpcomingBikesSearchBarEditted"/>
</testsuite> <!-- TS_01.UpcomingBikesSearchBarEditted -->
