<?xml version="1.0" encoding="UTF-8"?>
<!-- Generated by org.testng.reporters.JUnitReportReporter -->
<testsuite skipped="0" hostname="Rawna" name="TS_04.SearchByEngine" tests="6" failures="0" timestamp="23 Jun 2020 18:07:17 GMT" time="5.012" errors="0">
  <testcase name="startBrowser" time="0.691" classname="TS_04.SearchByEngine"/>
  <testcase name="clickSearchBikesFromDrpdwn" time="2.462" classname="TS_04.SearchByEngine"/>
  <testcase name="navigateToNewBikesPage" time="0.155" classname="TS_04.SearchByEngine"/>
  <testcase name="navigateToNewBikesSearchPage" time="0.943" classname="TS_04.SearchByEngine"/>
  <testcase name="setEngineFilter" time="0.329" classname="TS_04.SearchByEngine"/>
  <testcase name="outputDisplay" time="0.432" classname="TS_04.SearchByEngine"/>
</testsuite> <!-- TS_04.SearchByEngine -->
