<?xml version="1.0" encoding="UTF-8"?>
<!-- Generated by org.testng.reporters.JUnitReportReporter -->
<testsuite skipped="0" hostname="Rawna" name="TS_02.UsedcarschnEditted" tests="4" failures="0" timestamp="20 Jun 2020 20:38:22 GMT" time="2.384" errors="0">
  <testcase name="startBrowser" time="0.069" classname="TS_02.UsedcarschnEditted"/>
  <testcase name="clickSearchUsedCarsFromDrpdwn" time="2.139" classname="TS_02.UsedcarschnEditted"/>
  <testcase name="navigateToUsedCarsPage" time="0.037" classname="TS_02.UsedcarschnEditted"/>
  <testcase name="outputDisplay" time="0.139" classname="TS_02.UsedcarschnEditted"/>
</testsuite> <!-- TS_02.UsedcarschnEditted -->
