<?xml version="1.0" encoding="UTF-8"?>
<!-- Generated by org.testng.reporters.JUnitReportReporter -->
<testsuite skipped="0" hostname="Rawna" name="TS_01.VariantsBikes" tests="4" failures="0" timestamp="23 Jun 2020 18:07:17 GMT" time="3.480" errors="0">
  <testcase name="startBrowser" time="0.165" classname="TS_01.VariantsBikes"/>
  <testcase name="loadUpcomingBikesPage" time="2.241" classname="TS_01.VariantsBikes"/>
  <testcase name="selectBike" time="0.887" classname="TS_01.VariantsBikes"/>
  <testcase name="outputDisplay" time="0.187" classname="TS_01.VariantsBikes"/>
</testsuite> <!-- TS_01.VariantsBikes -->
