<?xml version="1.0" encoding="UTF-8"?>
<!-- Generated by org.testng.reporters.JUnitReportReporter -->
<testsuite skipped="0" hostname="Rawna" name="TS_04.SearchByBudget" tests="6" failures="0" timestamp="23 Jun 2020 18:07:17 GMT" time="4.210" errors="0">
  <testcase name="startBrowser" time="0.188" classname="TS_04.SearchByBudget"/>
  <testcase name="clickSearchBikesFromDrpdwn" time="1.925" classname="TS_04.SearchByBudget"/>
  <testcase name="navigateToNewBikesPage" time="0.219" classname="TS_04.SearchByBudget"/>
  <testcase name="navigateToNewBikesSearchPage" time="1.244" classname="TS_04.SearchByBudget"/>
  <testcase name="setBudgetFilter" time="0.113" classname="TS_04.SearchByBudget"/>
  <testcase name="outputDisplay" time="0.521" classname="TS_04.SearchByBudget"/>
</testsuite> <!-- TS_04.SearchByBudget -->
