<?xml version="1.0" encoding="UTF-8"?>
<!-- Generated by org.testng.reporters.JUnitReportReporter -->
<testsuite skipped="0" hostname="Rawna" name="TS_02.Usedcarschn" tests="4" failures="0" timestamp="26 Jun 2020 06:00:14 GMT" time="2.496" errors="0">
  <testcase name="startBrowser" time="0.143" classname="TS_02.Usedcarschn"/>
  <testcase name="clickSearchUsedCarsFromDrpdwn" time="1.919" classname="TS_02.Usedcarschn"/>
  <testcase name="navigateToUsedCarsPage" time="0.180" classname="TS_02.Usedcarschn"/>
  <testcase name="outputDisplay" time="0.254" classname="TS_02.Usedcarschn"/>
</testsuite> <!-- TS_02.Usedcarschn -->
