<?xml version="1.0" encoding="UTF-8"?>
<!-- Generated by org.testng.reporters.JUnitReportReporter -->
<testsuite skipped="0" hostname="Rawna" name="TS_01.priceEditted" tests="4" failures="0" timestamp="20 Jun 2020 20:38:22 GMT" time="2.547" errors="0">
  <testcase name="startBrowser" time="0.064" classname="TS_01.priceEditted"/>
  <testcase name="clickUpcomingFromDrpdwn" time="1.018" classname="TS_01.priceEditted"/>
  <testcase name="selectPriceRangeLink" time="0.727" classname="TS_01.priceEditted"/>
  <testcase name="outputDisplay" time="0.738" classname="TS_01.priceEditted"/>
</testsuite> <!-- TS_01.priceEditted -->
