<?xml version="1.0" encoding="UTF-8"?>
<!-- Generated by org.testng.reporters.JUnitReportReporter -->
<testsuite skipped="0" hostname="Rawna" name="TS_03.InvalidLoginEditted" tests="5" failures="0" timestamp="20 Jun 2020 20:38:22 GMT" time="19.651" errors="0">
  <testcase name="startBrowser" time="0.012" classname="TS_03.InvalidLoginEditted"/>
  <testcase name="clickLogin" time="16.458" classname="TS_03.InvalidLoginEditted"/>
  <testcase name="switchToSigninWindow" time="1.043" classname="TS_03.InvalidLoginEditted"/>
  <testcase name="setValuesForSignin" time="1.667" classname="TS_03.InvalidLoginEditted"/>
  <testcase name="outputDisplay" time="0.471" classname="TS_03.InvalidLoginEditted"/>
</testsuite> <!-- TS_03.InvalidLoginEditted -->
