<?xml version="1.0" encoding="UTF-8"?>
<!-- Generated by org.testng.reporters.JUnitReportReporter -->
<testsuite skipped="0" hostname="Rawna" name="TS_04.SearchByBrand" tests="6" failures="0" timestamp="23 Jun 2020 18:07:17 GMT" time="4.924" errors="0">
  <testcase name="startBrowser" time="0.419" classname="TS_04.SearchByBrand"/>
  <testcase name="clickSearchBikesFromDrpdwn" time="2.080" classname="TS_04.SearchByBrand"/>
  <testcase name="navigateToNewBikesPage" time="0.321" classname="TS_04.SearchByBrand"/>
  <testcase name="navigateToNewBikesSearchPage" time="1.106" classname="TS_04.SearchByBrand"/>
  <testcase name="setBrandFilter" time="0.586" classname="TS_04.SearchByBrand"/>
  <testcase name="outputDisplay" time="0.412" classname="TS_04.SearchByBrand"/>
</testsuite> <!-- TS_04.SearchByBrand -->
