<?xml version="1.0" encoding="UTF-8"?>
<!-- Generated by org.testng.reporters.JUnitReportReporter -->
<testsuite skipped="0" hostname="Rawna" name="TS_01.Price" tests="4" failures="0" timestamp="26 Jun 2020 07:43:36 GMT" time="4.032" errors="0">
  <testcase name="startBrowser" time="0.128" classname="TS_01.Price"/>
  <testcase name="clickUpcomingFromDrpdwn" time="2.360" classname="TS_01.Price"/>
  <testcase name="selectPriceRangeLink" time="0.971" classname="TS_01.Price"/>
  <testcase name="outputDisplay" time="0.573" classname="TS_01.Price"/>
</testsuite> <!-- TS_01.Price -->
