<?xml version="1.0" encoding="UTF-8"?>
<!-- Generated by org.testng.reporters.JUnitReportReporter -->
<testsuite skipped="0" hostname="Rawna" name="TS_02.Usedcarschn" tests="4" failures="0" timestamp="23 Jun 2020 18:07:17 GMT" time="3.083" errors="0">
  <testcase name="startBrowser" time="0.480" classname="TS_02.Usedcarschn"/>
  <testcase name="clickSearchUsedCarsFromDrpdwn" time="1.836" classname="TS_02.Usedcarschn"/>
  <testcase name="navigateToUsedCarsPage" time="0.257" classname="TS_02.Usedcarschn"/>
  <testcase name="outputDisplay" time="0.510" classname="TS_02.Usedcarschn"/>
</testsuite> <!-- TS_02.Usedcarschn -->
