<?xml version="1.0" encoding="UTF-8"?>
<!-- Generated by org.testng.reporters.JUnitReportReporter -->
<testsuite skipped="0" hostname="Rawna" name="TS_01.VariantsBikesEditted" tests="4" failures="0" timestamp="20 Jun 2020 20:38:22 GMT" time="1.760" errors="0">
  <testcase name="startBrowser" time="0.025" classname="TS_01.VariantsBikesEditted"/>
  <testcase name="loadUpcomingBikesPage" time="0.677" classname="TS_01.VariantsBikesEditted"/>
  <testcase name="selectBike" time="0.711" classname="TS_01.VariantsBikesEditted"/>
  <testcase name="outputDisplay" time="0.347" classname="TS_01.VariantsBikesEditted"/>
</testsuite> <!-- TS_01.VariantsBikesEditted -->
