<?xml version="1.0" encoding="UTF-8"?>
<!-- Generated by org.testng.reporters.JUnitReportReporter -->
<testsuite skipped="1" hostname="Rawna" name="TS_02.SearchusedCars" tests="6" failures="0" timestamp="23 Jun 2020 20:07:33 GMT" time="6.386" errors="0">
  <testcase name="startBrowser" time="0.204" classname="TS_02.SearchusedCars"/>
  <testcase name="clickSearchUsedCarsFromDrpdwn" time="1.299" classname="TS_02.SearchusedCars"/>
  <testcase name="setCityFilter" time="0.595" classname="TS_02.SearchusedCars"/>
  <testcase name="setCityFilter" time="3.528" classname="TS_02.SearchusedCars">
    <skipped/>
  </testcase> <!-- setCityFilter -->
  <testcase name="navigateToUsedCarsPage" time="0.632" classname="TS_02.SearchusedCars"/>
  <testcase name="outputDisplay" time="0.128" classname="TS_02.SearchusedCars"/>
</testsuite> <!-- TS_02.SearchusedCars -->
