<?xml version="1.0" encoding="UTF-8"?>
<!-- Generated by org.testng.reporters.JUnitReportReporter -->
<testsuite skipped="0" hostname="Rawna" name="TS_04.SearchByEngine" tests="6" failures="0" timestamp="26 Jun 2020 07:04:52 GMT" time="4.099" errors="0">
  <testcase name="startBrowser" time="0.549" classname="TS_04.SearchByEngine"/>
  <testcase name="clickSearchBikesFromDrpdwn" time="1.024" classname="TS_04.SearchByEngine"/>
  <testcase name="navigateToNewBikesPage" time="0.418" classname="TS_04.SearchByEngine"/>
  <testcase name="navigateToNewBikesSearchPage" time="1.445" classname="TS_04.SearchByEngine"/>
  <testcase name="setEngineFilter" time="0.186" classname="TS_04.SearchByEngine"/>
  <testcase name="outputDisplay" time="0.477" classname="TS_04.SearchByEngine"/>
</testsuite> <!-- TS_04.SearchByEngine -->
