<?xml version="1.0" encoding="UTF-8"?>
<!-- Generated by org.testng.reporters.JUnitReportReporter -->
<testsuite skipped="0" hostname="Rawna" name="TS_04.SearchByBrandEditted" tests="5" failures="0" timestamp="20 Jun 2020 20:38:22 GMT" time="3.780" errors="0">
  <testcase name="startBrowser" time="0.073" classname="TS_04.SearchByBrandEditted"/>
  <testcase name="clickSearchBikesFromDrpdwn" time="1.279" classname="TS_04.SearchByBrandEditted"/>
  <testcase name="clickSearchInNewBikesPage" time="1.422" classname="TS_04.SearchByBrandEditted"/>
  <testcase name="setBrandFilter" time="0.673" classname="TS_04.SearchByBrandEditted"/>
  <testcase name="outputDisplay" time="0.333" classname="TS_04.SearchByBrandEditted"/>
</testsuite> <!-- TS_04.SearchByBrandEditted -->
