<?xml version="1.0" encoding="UTF-8"?>
<!-- Generated by org.testng.reporters.JUnitReportReporter -->
<testsuite skipped="0" hostname="Rawna" name="TS_01.UpcomingRequirement" tests="4" failures="0" timestamp="26 Jun 2020 02:32:43 GMT" time="2.060" errors="0">
  <testcase name="startBrowser" time="0.128" classname="TS_01.UpcomingRequirement"/>
  <testcase name="loadUpcomingBikesPage" time="1.575" classname="TS_01.UpcomingRequirement"/>
  <testcase name="navigateToUpcomingBikesPage" time="0.079" classname="TS_01.UpcomingRequirement"/>
  <testcase name="outputDisplay" time="0.278" classname="TS_01.UpcomingRequirement"/>
</testsuite> <!-- TS_01.UpcomingRequirement -->
