<?xml version="1.0" encoding="UTF-8"?>
<!-- Generated by org.testng.reporters.JUnitReportReporter -->
<testsuite skipped="0" hostname="Rawna" name="testcases.Usedcarschn" tests="1" failures="0" timestamp="13 Jun 2020 10:28:10 GMT" time="2.543" errors="0">
  <testcase name="test" time="2.543" classname="testcases.Usedcarschn"/>
</testsuite> <!-- testcases.Usedcarschn -->
