<?xml version="1.0" encoding="UTF-8"?>
<!-- Generated by org.testng.reporters.JUnitReportReporter -->
<testsuite skipped="0" hostname="Rawna" name="TS_02.SearchusedCarsEditted" tests="4" failures="0" timestamp="20 Jun 2020 20:38:22 GMT" time="2.591" errors="0">
  <testcase name="startBrowser" time="0.084" classname="TS_02.SearchusedCarsEditted"/>
  <testcase name="clickSearchUsedCarsFromDrpdwn" time="2.023" classname="TS_02.SearchusedCarsEditted"/>
  <testcase name="setCityFilter" time="0.313" classname="TS_02.SearchusedCarsEditted"/>
  <testcase name="outputDisplay" time="0.171" classname="TS_02.SearchusedCarsEditted"/>
</testsuite> <!-- TS_02.SearchusedCarsEditted -->
