<?xml version="1.0" encoding="UTF-8"?>
<!-- Generated by org.testng.reporters.JUnitReportReporter -->
<testsuite skipped="0" hostname="Rawna" name="TS_03.ValidLoginEditted" tests="5" failures="0" timestamp="22 Jun 2020 08:44:29 GMT" time="27.245" errors="0">
  <testcase name="startBrowser" time="0.136" classname="TS_03.ValidLoginEditted"/>
  <testcase name="clickLogin" time="16.620" classname="TS_03.ValidLoginEditted"/>
  <testcase name="switchToSigninWindow" time="1.061" classname="TS_03.ValidLoginEditted"/>
  <testcase name="setValuesForSignin" time="1.702" classname="TS_03.ValidLoginEditted"/>
  <testcase name="outputDisplay" time="7.726" classname="TS_03.ValidLoginEditted"/>
</testsuite> <!-- TS_03.ValidLoginEditted -->
