<?xml version="1.0" encoding="UTF-8"?>
<!-- Generated by org.testng.reporters.JUnitReportReporter -->
<testsuite skipped="0" hostname="Rawna" name="TS_01.UpcomingBikesExpdate" tests="4" failures="0" timestamp="26 Jun 2020 02:29:06 GMT" time="1.840" errors="0">
  <testcase name="startBrowser" time="0.274" classname="TS_01.UpcomingBikesExpdate"/>
  <testcase name="setSearchValue" time="1.068" classname="TS_01.UpcomingBikesExpdate"/>
  <testcase name="loadUpcomingBikesPage" time="0.272" classname="TS_01.UpcomingBikesExpdate"/>
  <testcase name="outputDisplay" time="0.226" classname="TS_01.UpcomingBikesExpdate"/>
</testsuite> <!-- TS_01.UpcomingBikesExpdate -->
