<?xml version="1.0" encoding="UTF-8"?>
<!-- Generated by org.testng.reporters.JUnitReportReporter -->
<testsuite skipped="0" hostname="Rawna" name="TS_03.InvalidEmailLogin" tests="6" failures="0" timestamp="24 Jun 2020 05:20:05 GMT" time="8.706" errors="0">
  <testcase name="startBrowser" time="0.163" classname="TS_03.InvalidEmailLogin"/>
  <testcase name="clickLogin" time="3.359" classname="TS_03.InvalidEmailLogin"/>
  <testcase name="clickGoogleLogin" time="3.160" classname="TS_03.InvalidEmailLogin"/>
  <testcase name="switchToSigninWindow" time="1.106" classname="TS_03.InvalidEmailLogin"/>
  <testcase name="setValuesForSignin" time="0.232" classname="TS_03.InvalidEmailLogin"/>
  <testcase name="outputDisplay" time="0.686" classname="TS_03.InvalidEmailLogin"/>
</testsuite> <!-- TS_03.InvalidEmailLogin -->
