<?xml version="1.0" encoding="UTF-8"?>
<!-- Generated by org.testng.reporters.JUnitReportReporter -->
<testsuite skipped="0" hostname="Rawna" name="TS_03.InvalidPwdLogin" tests="6" failures="0" timestamp="23 Jun 2020 18:07:17 GMT" time="20.441" errors="0">
  <testcase name="startBrowser" time="0.503" classname="TS_03.InvalidPwdLogin"/>
  <testcase name="clickLogin" time="8.432" classname="TS_03.InvalidPwdLogin"/>
  <testcase name="clickGoogleLogin" time="8.184" classname="TS_03.InvalidPwdLogin"/>
  <testcase name="switchToSigninWindow" time="1.068" classname="TS_03.InvalidPwdLogin"/>
  <testcase name="setValuesForSignin" time="1.912" classname="TS_03.InvalidPwdLogin"/>
  <testcase name="outputDisplay" time="0.342" classname="TS_03.InvalidPwdLogin"/>
</testsuite> <!-- TS_03.InvalidPwdLogin -->
