<?xml version="1.0" encoding="UTF-8"?>
<!-- Generated by org.testng.reporters.JUnitReportReporter -->
<testsuite skipped="0" hostname="Acer-PC" name="testcases.UpcomingBikesDropdown" tests="1" failures="0" timestamp="02 Jun 2020 06:08:43 GMT" time="34.258" errors="0">
  <testcase name="test" time="34.258" classname="testcases.UpcomingBikesDropdown"/>
</testsuite> <!-- testcases.UpcomingBikesDropdown -->
