<?xml version="1.0" encoding="UTF-8"?>
<!-- Generated by org.testng.reporters.JUnitReportReporter -->
<testsuite skipped="0" hostname="Rawna" name="TS_01.UpcomingRequirementEditted" tests="4" failures="0" timestamp="20 Jun 2020 20:38:22 GMT" time="2.719" errors="0">
  <testcase name="startBrowser" time="0.416" classname="TS_01.UpcomingRequirementEditted"/>
  <testcase name="loadUpcomingBikesPage" time="2.022" classname="TS_01.UpcomingRequirementEditted"/>
  <testcase name="navigateToUpcomingBikesPage" time="0.065" classname="TS_01.UpcomingRequirementEditted"/>
  <testcase name="outputDisplay" time="0.216" classname="TS_01.UpcomingRequirementEditted"/>
</testsuite> <!-- TS_01.UpcomingRequirementEditted -->
