<?xml version="1.0" encoding="UTF-8"?>
<!-- Generated by org.testng.reporters.JUnitReportReporter -->
<testsuite skipped="0" hostname="Rawna" name="testcases.UpcomingRequirement" tests="1" failures="0" timestamp="13 Jun 2020 10:28:10 GMT" time="1.548" errors="0">
  <testcase name="test" time="1.548" classname="testcases.UpcomingRequirement"/>
</testsuite> <!-- testcases.UpcomingRequirement -->
