<?xml version="1.0" encoding="UTF-8"?>
<!-- Generated by org.testng.reporters.JUnitReportReporter -->
<testsuite skipped="0" hostname="Rawna" name="TS_01.UpcomingRequirement" tests="4" failures="0" timestamp="23 Jun 2020 18:07:17 GMT" time="2.828" errors="0">
  <testcase name="startBrowser" time="0.175" classname="TS_01.UpcomingRequirement"/>
  <testcase name="loadUpcomingBikesPage" time="1.990" classname="TS_01.UpcomingRequirement"/>
  <testcase name="navigateToUpcomingBikesPage" time="0.213" classname="TS_01.UpcomingRequirement"/>
  <testcase name="outputDisplay" time="0.450" classname="TS_01.UpcomingRequirement"/>
</testsuite> <!-- TS_01.UpcomingRequirement -->
