<?xml version="1.0" encoding="UTF-8"?>
<!-- Generated by org.testng.reporters.JUnitReportReporter -->
<testsuite skipped="0" hostname="Rawna" name="TS_03.InvalidLogin" tests="1" failures="0" timestamp="15 Jun 2020 21:38:21 GMT" time="19.771" errors="0">
  <testcase name="test" time="19.771" classname="TS_03.InvalidLogin"/>
</testsuite> <!-- TS_03.InvalidLogin -->
