<?xml version="1.0" encoding="UTF-8"?>
<!-- Generated by org.testng.reporters.JUnitReportReporter -->
<testsuite skipped="0" hostname="Rawna" name="TS_01.Price" tests="4" failures="0" timestamp="24 Jun 2020 05:33:20 GMT" time="2.704" errors="0">
  <testcase name="startBrowser" time="0.177" classname="TS_01.Price"/>
  <testcase name="clickUpcomingFromDrpdwn" time="0.597" classname="TS_01.Price"/>
  <testcase name="selectPriceRangeLink" time="0.886" classname="TS_01.Price"/>
  <testcase name="outputDisplay" time="1.044" classname="TS_01.Price"/>
</testsuite> <!-- TS_01.Price -->
