<?xml version="1.0" encoding="UTF-8"?>
<!-- Generated by org.testng.reporters.JUnitReportReporter -->
<testsuite skipped="0" hostname="Rawna" name="TS_04.SearchByBudgetEditted" tests="5" failures="0" timestamp="20 Jun 2020 20:38:22 GMT" time="3.343" errors="0">
  <testcase name="startBrowser" time="0.058" classname="TS_04.SearchByBudgetEditted"/>
  <testcase name="clickSearchBikesFromDrpdwn" time="1.024" classname="TS_04.SearchByBudgetEditted"/>
  <testcase name="clickSearchInNewBikesPage" time="1.703" classname="TS_04.SearchByBudgetEditted"/>
  <testcase name="setBudgetFilter" time="0.227" classname="TS_04.SearchByBudgetEditted"/>
  <testcase name="outputDisplay" time="0.331" classname="TS_04.SearchByBudgetEditted"/>
</testsuite> <!-- TS_04.SearchByBudgetEditted -->
