<?xml version="1.0" encoding="UTF-8"?>
<!-- Generated by org.testng.reporters.JUnitReportReporter -->
<testsuite skipped="0" hostname="Rawna" name="TS_04.SearchByMileageEditted" tests="5" failures="0" timestamp="20 Jun 2020 20:38:22 GMT" time="5.715" errors="0">
  <testcase name="startBrowser" time="0.072" classname="TS_04.SearchByMileageEditted"/>
  <testcase name="clickSearchBikesFromDrpdwn" time="3.881" classname="TS_04.SearchByMileageEditted"/>
  <testcase name="clickSearchInNewBikesPage" time="0.905" classname="TS_04.SearchByMileageEditted"/>
  <testcase name="setEngineFilter" time="0.303" classname="TS_04.SearchByMileageEditted"/>
  <testcase name="outputDisplay" time="0.554" classname="TS_04.SearchByMileageEditted"/>
</testsuite> <!-- TS_04.SearchByMileageEditted -->
