<?xml version="1.0" encoding="UTF-8"?>
<!-- Generated by org.testng.reporters.JUnitReportReporter -->
<testsuite skipped="0" hostname="Rawna" name="TS_01.UpcomingBikesExpdate" tests="4" failures="0" timestamp="23 Jun 2020 18:07:17 GMT" time="2.961" errors="0">
  <testcase name="startBrowser" time="0.691" classname="TS_01.UpcomingBikesExpdate"/>
  <testcase name="setSearchValue" time="1.961" classname="TS_01.UpcomingBikesExpdate"/>
  <testcase name="loadUpcomingBikesPage" time="0.120" classname="TS_01.UpcomingBikesExpdate"/>
  <testcase name="outputDisplay" time="0.189" classname="TS_01.UpcomingBikesExpdate"/>
</testsuite> <!-- TS_01.UpcomingBikesExpdate -->
