<?xml version="1.0" encoding="UTF-8"?>
<!-- Generated by org.testng.reporters.JUnitReportReporter -->
<testsuite skipped="0" hostname="Rawna" name="TS_04.SearchByMileage" tests="6" failures="0" timestamp="23 Jun 2020 18:07:17 GMT" time="4.765" errors="0">
  <testcase name="startBrowser" time="0.159" classname="TS_04.SearchByMileage"/>
  <testcase name="clickSearchBikesFromDrpdwn" time="2.429" classname="TS_04.SearchByMileage"/>
  <testcase name="navigateToNewBikesPage" time="0.190" classname="TS_04.SearchByMileage"/>
  <testcase name="navigateToNewBikesSearchPage" time="1.293" classname="TS_04.SearchByMileage"/>
  <testcase name="setEngineFilter" time="0.192" classname="TS_04.SearchByMileage"/>
  <testcase name="outputDisplay" time="0.502" classname="TS_04.SearchByMileage"/>
</testsuite> <!-- TS_04.SearchByMileage -->
