<?xml version="1.0" encoding="UTF-8"?>
<!-- Generated by org.testng.reporters.JUnitReportReporter -->
<testsuite skipped="1" hostname="Rawna" name="TS_02.SearchusedCars" tests="6" failures="0" timestamp="26 Jun 2020 07:11:15 GMT" time="24.380" errors="0">
  <testcase name="startBrowser" time="1.053" classname="TS_02.SearchusedCars"/>
  <testcase name="clickSearchUsedCarsFromDrpdwn" time="1.439" classname="TS_02.SearchusedCars"/>
  <testcase name="setCityFilter" time="20.510" classname="TS_02.SearchusedCars">
    <skipped/>
  </testcase> <!-- setCityFilter -->
  <testcase name="setCityFilter" time="0.641" classname="TS_02.SearchusedCars"/>
  <testcase name="navigateToUsedCarsPage" time="0.605" classname="TS_02.SearchusedCars"/>
  <testcase name="outputDisplay" time="0.132" classname="TS_02.SearchusedCars"/>
</testsuite> <!-- TS_02.SearchusedCars -->
