<?xml version="1.0" encoding="UTF-8"?>
<!-- Generated by org.testng.reporters.JUnitReportReporter -->
<testsuite skipped="0" hostname="Rawna" name="TS_01.Check" tests="2" failures="0" timestamp="26 Jun 2020 06:36:52 GMT" time="0.582" errors="0">
  <testcase name="startBrowser" time="0.141" classname="TS_01.Check"/>
  <testcase name="test" time="0.441" classname="TS_01.Check"/>
</testsuite> <!-- TS_01.Check -->
