<?xml version="1.0" encoding="UTF-8"?>
<!-- Generated by org.testng.reporters.JUnitReportReporter -->
<testsuite skipped="0" hostname="Rawna" name="TS_01.UpcomingBikesExpdateEditted" tests="4" failures="0" timestamp="20 Jun 2020 20:38:22 GMT" time="1.258" errors="0">
  <testcase name="startBrowser" time="0.023" classname="TS_01.UpcomingBikesExpdateEditted"/>
  <testcase name="loadUpcomingBikesPage" time="0.925" classname="TS_01.UpcomingBikesExpdateEditted"/>
  <testcase name="selectFilter" time="0.120" classname="TS_01.UpcomingBikesExpdateEditted"/>
  <testcase name="outputDisplay" time="0.190" classname="TS_01.UpcomingBikesExpdateEditted"/>
</testsuite> <!-- TS_01.UpcomingBikesExpdateEditted -->
