<?xml version="1.0" encoding="UTF-8"?>
<!-- Generated by org.testng.reporters.JUnitReportReporter -->
<testsuite skipped="0" hostname="Rawna" name="TS_04.SearchByEngineEditted" tests="5" failures="0" timestamp="20 Jun 2020 20:38:22 GMT" time="3.453" errors="0">
  <testcase name="startBrowser" time="0.054" classname="TS_04.SearchByEngineEditted"/>
  <testcase name="clickSearchBikesFromDrpdwn" time="1.280" classname="TS_04.SearchByEngineEditted"/>
  <testcase name="clickSearchInNewBikesPage" time="1.280" classname="TS_04.SearchByEngineEditted"/>
  <testcase name="setEngineFilter" time="0.510" classname="TS_04.SearchByEngineEditted"/>
  <testcase name="outputDisplay" time="0.329" classname="TS_04.SearchByEngineEditted"/>
</testsuite> <!-- TS_04.SearchByEngineEditted -->
