<?xml version="1.0" encoding="UTF-8"?>
<!-- Generated by org.testng.reporters.JUnitReportReporter -->
<testsuite skipped="0" hostname="Rawna" name="TS_02.SearchusedCars" tests="5" failures="0" timestamp="26 Jun 2020 05:34:46 GMT" time="4.216" errors="0">
  <testcase name="startBrowser" time="0.338" classname="TS_02.SearchusedCars"/>
  <testcase name="clickSearchUsedCarsFromDrpdwn" time="2.232" classname="TS_02.SearchusedCars"/>
  <testcase name="setCityFilter" time="0.781" classname="TS_02.SearchusedCars"/>
  <testcase name="navigateToUsedCarsPage" time="0.651" classname="TS_02.SearchusedCars"/>
  <testcase name="outputDisplay" time="0.214" classname="TS_02.SearchusedCars"/>
</testsuite> <!-- TS_02.SearchusedCars -->
