<?xml version="1.0" encoding="UTF-8"?>
<!-- Generated by org.testng.reporters.JUnitReportReporter -->
<testsuite skipped="0" hostname="Rawna" name="TS_03.ValidLogin" tests="6" failures="0" timestamp="26 Jun 2020 06:00:14 GMT" time="17.473" errors="0">
  <testcase name="startBrowser" time="0.061" classname="TS_03.ValidLogin"/>
  <testcase name="clickLogin" time="3.232" classname="TS_03.ValidLogin"/>
  <testcase name="clickGoogleLogin" time="3.086" classname="TS_03.ValidLogin"/>
  <testcase name="switchToSigninWindow" time="1.050" classname="TS_03.ValidLogin"/>
  <testcase name="setValuesForSignin" time="1.722" classname="TS_03.ValidLogin"/>
  <testcase name="outputDisplay" time="8.322" classname="TS_03.ValidLogin"/>
</testsuite> <!-- TS_03.ValidLogin -->
