<?xml version="1.0" encoding="UTF-8"?>
<!-- Generated by org.testng.reporters.JUnitReportReporter -->
<testsuite skipped="0" hostname="Rawna" name="TS_03.ValidLogin" tests="6" failures="0" timestamp="23 Jun 2020 18:07:17 GMT" time="28.573" errors="0">
  <testcase name="startBrowser" time="0.141" classname="TS_03.ValidLogin"/>
  <testcase name="clickLogin" time="8.782" classname="TS_03.ValidLogin"/>
  <testcase name="clickGoogleLogin" time="8.189" classname="TS_03.ValidLogin"/>
  <testcase name="switchToSigninWindow" time="1.068" classname="TS_03.ValidLogin"/>
  <testcase name="setValuesForSignin" time="1.989" classname="TS_03.ValidLogin"/>
  <testcase name="outputDisplay" time="8.404" classname="TS_03.ValidLogin"/>
</testsuite> <!-- TS_03.ValidLogin -->
