<?xml version="1.0" encoding="UTF-8"?>
<!-- Generated by org.testng.reporters.JUnitReportReporter -->
<testsuite skipped="0" hostname="Rawna" name="testcases.IEBrowser" tests="1" failures="0" timestamp="14 Jun 2020 16:06:41 GMT" time="0.498" errors="0">
  <testcase name="test" time="0.498" classname="testcases.IEBrowser"/>
</testsuite> <!-- testcases.IEBrowser -->
